[2024-10-12 14:16:49] [INFO]    [OmnipathR] Welcome to OmnipathR!
[2024-10-12 14:16:49] [INFO]    [OmnipathR] OmnipathR version: 3.13.14
[2024-10-12 14:16:49] [TRACE]   [OmnipathR] Reading JSON from `/Users/zhimingye/Library/Caches/OmnipathR/cache.json` (encoding: UTF-8).
[2024-10-12 14:16:49] [TRACE]   [OmnipathR] JSON validation successful: TRUE
[2024-10-12 14:16:49] [INFO]    [OmnipathR] Initialized cache: `/Users/zhimingye/Library/Caches/OmnipathR`.
[2024-10-12 14:16:49] [TRACE]   [OmnipathR] Reading JSON from `/Library/Frameworks/R.framework/Versions/4.3-arm64/Resources/library/OmnipathR/db/db_def.json` (encoding: UTF-8).
[2024-10-12 14:16:49] [TRACE]   [OmnipathR] JSON validation successful: TRUE
[2024-10-12 14:16:49] [TRACE]   [OmnipathR] Reading JSON from `/Library/Frameworks/R.framework/Versions/4.3-arm64/Resources/library/OmnipathR/internal/magic_bytes.json` (encoding: UTF-8).
[2024-10-12 14:16:49] [TRACE]   [OmnipathR] JSON validation successful: TRUE
[2024-10-12 14:16:49] [TRACE]   [OmnipathR] Reading JSON from `/Library/Frameworks/R.framework/Versions/4.3-arm64/Resources/library/OmnipathR/internal/urls.json` (encoding: UTF-8).
[2024-10-12 14:16:49] [TRACE]   [OmnipathR] JSON validation successful: TRUE
[2024-10-12 14:16:49] [TRACE]   [OmnipathR] Reading JSON from `/Library/Frameworks/R.framework/Versions/4.3-arm64/Resources/library/OmnipathR/internal/id_types.json` (encoding: UTF-8).
[2024-10-12 14:16:49] [TRACE]   [OmnipathR] JSON validation successful: TRUE
[2024-10-12 14:16:51] [TRACE]   [OmnipathR] Reading JSON from `https://omnipathdb.org/resources` (encoding: UTF-8).
[2024-10-12 14:16:51] [TRACE]   [OmnipathR] JSON validation successful: TRUE
[2024-10-12 14:16:51] [TRACE]   [OmnipathR] Arguments for OmniPath query: [wide=FALSE,resources=PROGENy,query_type=annotations]
[2024-10-12 14:16:51] [INFO]    [OmnipathR] Loading database `Ensembl and OMA organism names`.
[2024-10-12 14:16:51] [INFO]    [OmnipathR] Looking up in cache `https://www.ensembl.org/info/about/species.html`: key=7332486db7400730697234bad76ca0c8e4d00799, latest version=5.
[2024-10-12 14:16:51] [TRACE]   [OmnipathR] Cache file path: /Users/zhimingye/Library/Caches/OmnipathR/7332486db7400730697234bad76ca0c8e4d00799-5.html
[2024-10-12 14:16:51] [TRACE]   [OmnipathR] Looking up in cache: `https://omabrowser.org/All/oma-species.txt`.
[2024-10-12 14:16:51] [TRACE]   [OmnipathR] Loaded data from RDS `/Users/zhimingye/Library/Caches/OmnipathR/30e690cbb55dfc63b5903ab337f34ffc2f4be397-1.rds`.
[2024-10-12 14:16:51] [INFO]    [OmnipathR] Loaded database `Ensembl and OMA organism names`.
[2024-10-12 14:16:51] [TRACE]   [OmnipathR] Organism(s): 9606
[2024-10-12 14:16:51] [TRACE]   [OmnipathR] Orthology targets: 
[2024-10-12 14:16:53] [TRACE]   [OmnipathR] Reading JSON from `https://omnipathdb.org/resources` (encoding: UTF-8).
[2024-10-12 14:16:53] [TRACE]   [OmnipathR] JSON validation successful: TRUE
[2024-10-12 14:16:53] [TRACE]   [OmnipathR] Looking up in cache: `https://omnipathdb.org/annotations?resources=PROGENy&license=academic`
[2024-10-12 14:16:54] [TRACE]   [OmnipathR] Loaded data from RDS `/Users/zhimingye/Library/Caches/OmnipathR/3492392585ba05414edfae46801492076437d7e7-1.rds`.
[2024-10-12 14:16:54] [INFO]    [OmnipathR] Loaded from cache: `https://omnipathdb.org/annotations?resources=PROGENy&license=academic`
[2024-10-12 14:16:54] [SUCCESS] [OmnipathR] Loaded 700239 annotation records from cache.
[2024-10-12 14:16:57] [TRACE]   [OmnipathR] Reading JSON from `https://omnipathdb.org/resources` (encoding: UTF-8).
[2024-10-12 14:16:57] [TRACE]   [OmnipathR] JSON validation successful: TRUE
[2024-10-12 14:16:57] [TRACE]   [OmnipathR] Arguments for OmniPath query: [wide=FALSE,resources=PROGENy,query_type=annotations]
[2024-10-12 14:16:57] [TRACE]   [OmnipathR] Organism(s): 9606
[2024-10-12 14:16:57] [TRACE]   [OmnipathR] Orthology targets: 
[2024-10-12 14:16:58] [TRACE]   [OmnipathR] Reading JSON from `https://omnipathdb.org/resources` (encoding: UTF-8).
[2024-10-12 14:16:58] [TRACE]   [OmnipathR] JSON validation successful: TRUE
[2024-10-12 14:16:59] [TRACE]   [OmnipathR] Looking up in cache: `https://omnipathdb.org/annotations?resources=PROGENy&license=academic`
[2024-10-12 14:17:00] [TRACE]   [OmnipathR] Loaded data from RDS `/Users/zhimingye/Library/Caches/OmnipathR/3492392585ba05414edfae46801492076437d7e7-1.rds`.
[2024-10-12 14:17:00] [INFO]    [OmnipathR] Loaded from cache: `https://omnipathdb.org/annotations?resources=PROGENy&license=academic`
[2024-10-12 14:17:00] [SUCCESS] [OmnipathR] Loaded 700239 annotation records from cache.
[2024-10-12 14:17:00] [TRACE]   [OmnipathR] Arguments for OmniPath query: [query_type=interactions,datasets=collectri]
[2024-10-12 14:17:00] [TRACE]   [OmnipathR] Organism(s): 9606
[2024-10-12 14:17:00] [TRACE]   [OmnipathR] Orthology targets: 
[2024-10-12 14:17:00] [TRACE]   [OmnipathR] Looking up in cache: `https://omnipathdb.org/interactions?genesymbols=yes&datasets=collectri&organisms=9606&fields=sources,references,curation_effort&license=academic`
[2024-10-12 14:17:00] [TRACE]   [OmnipathR] Loaded data from RDS `/Users/zhimingye/Library/Caches/OmnipathR/e48832a5c4cfc5e7d427a9e7ffb60fd5bc902b02-1.rds`.
[2024-10-12 14:17:00] [INFO]    [OmnipathR] Loaded from cache: `https://omnipathdb.org/interactions?genesymbols=yes&datasets=collectri&organisms=9606&fields=sources,references,curation_effort&license=academic`
[2024-10-12 14:17:01] [SUCCESS] [OmnipathR] Loaded 64495 interactions from cache.
[2024-10-12 14:17:01] [TRACE]   [OmnipathR] Arguments for OmniPath query: [query_type=interactions,datasets=collectri]
[2024-10-12 14:17:01] [TRACE]   [OmnipathR] Organism(s): 9606
[2024-10-12 14:17:01] [TRACE]   [OmnipathR] Orthology targets: 
[2024-10-12 14:17:01] [TRACE]   [OmnipathR] Looking up in cache: `https://omnipathdb.org/interactions?genesymbols=yes&datasets=collectri&organisms=9606&fields=sources,references,curation_effort&license=academic`
[2024-10-12 14:17:01] [TRACE]   [OmnipathR] Loaded data from RDS `/Users/zhimingye/Library/Caches/OmnipathR/e48832a5c4cfc5e7d427a9e7ffb60fd5bc902b02-1.rds`.
[2024-10-12 14:17:01] [INFO]    [OmnipathR] Loaded from cache: `https://omnipathdb.org/interactions?genesymbols=yes&datasets=collectri&organisms=9606&fields=sources,references,curation_effort&license=academic`
[2024-10-12 14:17:02] [SUCCESS] [OmnipathR] Loaded 64495 interactions from cache.
